0 info it worked if it ends with ok
1 verbose cli [ '/usr/local/bin/node', '/usr/local/bin/npm', 'search', 'gulp' ]
2 info using npm@3.8.3
3 info using node@v5.10.1
4 silly mapToRegistry name -/all
5 silly mapToRegistry using default registry
6 silly mapToRegistry registry https://registry.npm.taobao.org/
7 silly mapToRegistry data Result {
7 silly mapToRegistry   raw: '-/all',
7 silly mapToRegistry   scope: null,
7 silly mapToRegistry   name: null,
7 silly mapToRegistry   rawSpec: '-/all',
7 silly mapToRegistry   spec: '/Users/AaronZhao/Documents/Git/tedx_ng/-/all',
7 silly mapToRegistry   type: 'local' }
8 silly mapToRegistry uri https://registry.npm.taobao.org/-/all
9 info updateIndex /Users/AaronZhao/.npm/registry.npm.taobao.org/-/all/.cache.json
10 verbose correctMkdir /Users/AaronZhao/.npm correctMkdir not in flight; initializing
11 warn Building the local index for the first time, please be patient
12 silly update-index fetching https://registry.npm.taobao.org/-/all
13 verbose request uri https://registry.npm.taobao.org/-/all
14 verbose request no auth needed
15 info attempt registry request try #1 at 11:05:42 PM
16 verbose request id 1c60c810a7bb6abd
17 http request GET https://registry.npm.taobao.org/-/all
18 http 200 https://registry.npm.taobao.org/-/all
19 verbose headers { date: 'Fri, 20 May 2016 15:05:40 GMT',
19 verbose headers   'content-type': 'application/json; charset=utf-8',
19 verbose headers   'content-length': '6318540',
19 verbose headers   connection: 'keep-alive',
19 verbose headers   etag: '"6069cc-uKCszW1QkMWy4dzuv9q41Q"',
19 verbose headers   'x-readtime': '3837' }
20 verbose stack Error: true true: -/all
20 verbose stack     at makeError (/usr/local/lib/node_modules/npm/node_modules/npm-registry-client/lib/request.js:264:12)
20 verbose stack     at CachingRegistryClient.<anonymous> (/usr/local/lib/node_modules/npm/node_modules/npm-registry-client/lib/request.js:252:14)
20 verbose stack     at Request._callback (/usr/local/lib/node_modules/npm/node_modules/npm-registry-client/lib/request.js:172:14)
20 verbose stack     at Request.self.callback (/usr/local/lib/node_modules/npm/node_modules/request/request.js:199:22)
20 verbose stack     at emitTwo (events.js:100:13)
20 verbose stack     at Request.emit (events.js:185:7)
20 verbose stack     at Request.<anonymous> (/usr/local/lib/node_modules/npm/node_modules/request/request.js:1036:10)
20 verbose stack     at emitOne (events.js:95:20)
20 verbose stack     at Request.emit (events.js:182:7)
20 verbose stack     at IncomingMessage.<anonymous> (/usr/local/lib/node_modules/npm/node_modules/request/request.js:963:12)
21 verbose statusCode 200
22 verbose cwd /Users/AaronZhao/Documents/Git/tedx_ng
23 error Darwin 15.4.0
24 error argv "/usr/local/bin/node" "/usr/local/bin/npm" "search" "gulp"
25 error node v5.10.1
26 error npm  v3.8.3
27 error code E200
28 error true true: -/all
29 error If you need help, you may report this error at:
29 error     <https://github.com/npm/npm/issues>
30 verbose exit [ 1, true ]
